
Attaching package: ‘dplyr’

The following objects are masked from ‘package:stats’:

    filter, lag

The following objects are masked from ‘package:base’:

    intersect, setdiff, setequal, union


Attaching package: ‘kyotil’

The following object is masked from ‘package:dplyr’:

    last

── Attaching packages ─────────────────────────────────────── tidyverse 1.3.0 ──
✔ tibble  3.1.1     ✔ purrr   0.3.4
✔ tidyr   1.1.3     ✔ stringr 1.4.0
✔ readr   1.4.0     ✔ forcats 0.5.1
── Conflicts ────────────────────────────────────────── tidyverse_conflicts() ──
✖ dplyr::filter() masks stats::filter()
✖ dplyr::lag()    masks stats::lag()
✖ kyotil::last()  masks dplyr::last()
here() starts at /home/bborate/forked_correlates_reporting/correlates_reporting/base_riskscore
Loading required package: nnls
Loading required package: gam
Loading required package: splines
Loading required package: foreach

Attaching package: ‘foreach’

The following objects are masked from ‘package:purrr’:

    accumulate, when

Loaded gam 1.20

Super Learner
Version: 2.0-28
Package created on 2021-05-04


Attaching package: ‘e1071’

The following object is masked from ‘package:kyotil’:

    interpolate

Loading required package: Matrix

Attaching package: ‘Matrix’

The following objects are masked from ‘package:tidyr’:

    expand, pack, unpack

Loaded glmnet 4.1-1
vimp version 2.2.1: Perform Inference on Algorithm-Agnostic Variable Importance
Package created on 2021-06-28
[conflicted] Will prefer dplyr::filter over any other package
[conflicted] Will prefer dplyr::summarise over any other package
[1] "WARNING: WhiteNonHispanic variable has more than 5% values missing! This variable will be dropped from SuperLearner analysis."
[1] "Make sure data is clean before conducting imputations!"
[1] "No missing values to impute in any risk variables!"
[1] 8
[1] 1
Number of covariates in screen_all is: 16
Number of covariates in screen_glmnet is: 9
Number of covariates in screen_univariate_logistic_pval is: 3
Number of covariates in screen_highcor_random is: 16
CV SL.mean_screen_all
CV SL.glm_screen_all
CV SL.glmnet_screen_all
Loading required namespace: xgboost
CV SL.xgboost_screen_all
Loading required namespace: ranger
CV SL.ranger.imp_screen_all
CV SL.glm_screen_glmnet
CV SL.glm_screen_univariate_logistic_pval
CV SL.glm_screen_highcor_random
CV SL.glm.interaction_screen_glmnet
CV SL.glm.interaction_screen_univariate_logistic_pval
CV SL.glm.interaction_screen_highcor_random
CV SL.gam_screen_glmnet
CV SL.gam_screen_univariate_logistic_pval
CV SL.gam_screen_highcor_random
Number of covariates in screen_all is: 16
Number of covariates in screen_glmnet is: 6
Number of covariates in screen_univariate_logistic_pval is: 4
Number of covariates in screen_highcor_random is: 16
CV SL.mean_screen_all
CV SL.glm_screen_all
CV SL.glmnet_screen_all
CV SL.xgboost_screen_all
CV SL.ranger.imp_screen_all
CV SL.glm_screen_glmnet
CV SL.glm_screen_univariate_logistic_pval
CV SL.glm_screen_highcor_random
CV SL.glm.interaction_screen_glmnet
CV SL.glm.interaction_screen_univariate_logistic_pval
CV SL.glm.interaction_screen_highcor_random
CV SL.gam_screen_glmnet
CV SL.gam_screen_univariate_logistic_pval
CV SL.gam_screen_highcor_random
Number of covariates in screen_all is: 16
Number of covariates in screen_glmnet is: 7
Number of covariates in screen_univariate_logistic_pval is: 4
Number of covariates in screen_highcor_random is: 16
CV SL.mean_screen_all
CV SL.glm_screen_all
CV SL.glmnet_screen_all
CV SL.xgboost_screen_all
CV SL.ranger.imp_screen_all
CV SL.glm_screen_glmnet
CV SL.glm_screen_univariate_logistic_pval
CV SL.glm_screen_highcor_random
CV SL.glm.interaction_screen_glmnet
CV SL.glm.interaction_screen_univariate_logistic_pval
CV SL.glm.interaction_screen_highcor_random
CV SL.gam_screen_glmnet
CV SL.gam_screen_univariate_logistic_pval
CV SL.gam_screen_highcor_random
Number of covariates in screen_all is: 16
Number of covariates in screen_glmnet is: 3
Number of covariates in screen_univariate_logistic_pval is: 3
Number of covariates in screen_highcor_random is: 16
CV SL.mean_screen_all
CV SL.glm_screen_all
CV SL.glmnet_screen_all
CV SL.xgboost_screen_all
CV SL.ranger.imp_screen_all
CV SL.glm_screen_glmnet
CV SL.glm_screen_univariate_logistic_pval
CV SL.glm_screen_highcor_random
CV SL.glm.interaction_screen_glmnet
CV SL.glm.interaction_screen_univariate_logistic_pval
CV SL.glm.interaction_screen_highcor_random
CV SL.gam_screen_glmnet
CV SL.gam_screen_univariate_logistic_pval
CV SL.gam_screen_highcor_random
Number of covariates in screen_all is: 16
Number of covariates in screen_glmnet is: 8
Number of covariates in screen_univariate_logistic_pval is: 5
Number of covariates in screen_highcor_random is: 16
CV SL.mean_screen_all
CV SL.glm_screen_all
CV SL.glmnet_screen_all
CV SL.xgboost_screen_all
CV SL.ranger.imp_screen_all
CV SL.glm_screen_glmnet
CV SL.glm_screen_univariate_logistic_pval
CV SL.glm_screen_highcor_random
CV SL.glm.interaction_screen_glmnet
CV SL.glm.interaction_screen_univariate_logistic_pval
CV SL.glm.interaction_screen_highcor_random
CV SL.gam_screen_glmnet
CV SL.gam_screen_univariate_logistic_pval
CV SL.gam_screen_highcor_random
full SL.mean_screen_all
full SL.glm_screen_all
full SL.glmnet_screen_all
full SL.xgboost_screen_all
full SL.ranger.imp_screen_all
full SL.glm_screen_glmnet
full SL.glm_screen_univariate_logistic_pval
full SL.glm_screen_highcor_random
full SL.glm.interaction_screen_glmnet
full SL.glm.interaction_screen_univariate_logistic_pval
full SL.glm.interaction_screen_highcor_random
full SL.gam_screen_glmnet
full SL.gam_screen_univariate_logistic_pval
full SL.gam_screen_highcor_random
Number of covariates in screen_all is: 16
Number of covariates in screen_glmnet is: 2
Number of covariates in screen_univariate_logistic_pval is: 2
Number of covariates in screen_highcor_random is: 16
CV SL.mean_screen_all
CV SL.glm_screen_all
CV SL.glmnet_screen_all
CV SL.xgboost_screen_all
CV SL.ranger.imp_screen_all
CV SL.glm_screen_glmnet
CV SL.glm_screen_univariate_logistic_pval
CV SL.glm_screen_highcor_random
CV SL.glm.interaction_screen_glmnet
CV SL.glm.interaction_screen_univariate_logistic_pval
CV SL.glm.interaction_screen_highcor_random
CV SL.gam_screen_glmnet
CV SL.gam_screen_univariate_logistic_pval
CV SL.gam_screen_highcor_random
Number of covariates in screen_all is: 16
Number of covariates in screen_glmnet is: 2
Number of covariates in screen_univariate_logistic_pval is: 2
Number of covariates in screen_highcor_random is: 16
CV SL.mean_screen_all
CV SL.glm_screen_all
CV SL.glmnet_screen_all
CV SL.xgboost_screen_all
CV SL.ranger.imp_screen_all
CV SL.glm_screen_glmnet
CV SL.glm_screen_univariate_logistic_pval
CV SL.glm_screen_highcor_random
CV SL.glm.interaction_screen_glmnet
CV SL.glm.interaction_screen_univariate_logistic_pval
CV SL.glm.interaction_screen_highcor_random
CV SL.gam_screen_glmnet
CV SL.gam_screen_univariate_logistic_pval
CV SL.gam_screen_highcor_random
Number of covariates in screen_all is: 16
Number of covariates in screen_glmnet is: 5
Number of covariates in screen_univariate_logistic_pval is: 3
Number of covariates in screen_highcor_random is: 16
CV SL.mean_screen_all
CV SL.glm_screen_all
CV SL.glmnet_screen_all
CV SL.xgboost_screen_all
CV SL.ranger.imp_screen_all
CV SL.glm_screen_glmnet
CV SL.glm_screen_univariate_logistic_pval
CV SL.glm_screen_highcor_random
CV SL.glm.interaction_screen_glmnet
CV SL.glm.interaction_screen_univariate_logistic_pval
CV SL.glm.interaction_screen_highcor_random
CV SL.gam_screen_glmnet
CV SL.gam_screen_univariate_logistic_pval
CV SL.gam_screen_highcor_random
Number of covariates in screen_all is: 16
Number of covariates in screen_glmnet is: 3
Number of covariates in screen_univariate_logistic_pval is: 2
Number of covariates in screen_highcor_random is: 16
CV SL.mean_screen_all
CV SL.glm_screen_all
CV SL.glmnet_screen_all
CV SL.xgboost_screen_all
CV SL.ranger.imp_screen_all
CV SL.glm_screen_glmnet
CV SL.glm_screen_univariate_logistic_pval
CV SL.glm_screen_highcor_random
CV SL.glm.interaction_screen_glmnet
CV SL.glm.interaction_screen_univariate_logistic_pval
CV SL.glm.interaction_screen_highcor_random
CV SL.gam_screen_glmnet
CV SL.gam_screen_univariate_logistic_pval
CV SL.gam_screen_highcor_random
Number of covariates in screen_all is: 16
Number of covariates in screen_glmnet is: 5
Number of covariates in screen_univariate_logistic_pval is: 3
Number of covariates in screen_highcor_random is: 16
CV SL.mean_screen_all
CV SL.glm_screen_all
CV SL.glmnet_screen_all
CV SL.xgboost_screen_all
CV SL.ranger.imp_screen_all
CV SL.glm_screen_glmnet
CV SL.glm_screen_univariate_logistic_pval
CV SL.glm_screen_highcor_random
CV SL.glm.interaction_screen_glmnet
CV SL.glm.interaction_screen_univariate_logistic_pval
CV SL.glm.interaction_screen_highcor_random
CV SL.gam_screen_glmnet
CV SL.gam_screen_univariate_logistic_pval
CV SL.gam_screen_highcor_random
full SL.mean_screen_all
full SL.glm_screen_all
full SL.glmnet_screen_all
full SL.xgboost_screen_all
full SL.ranger.imp_screen_all
full SL.glm_screen_glmnet
full SL.glm_screen_univariate_logistic_pval
full SL.glm_screen_highcor_random
full SL.glm.interaction_screen_glmnet
full SL.glm.interaction_screen_univariate_logistic_pval
full SL.glm.interaction_screen_highcor_random
full SL.gam_screen_glmnet
full SL.gam_screen_univariate_logistic_pval
full SL.gam_screen_highcor_random
Number of covariates in screen_all is: 16
Number of covariates in screen_glmnet is: 4
Number of covariates in screen_univariate_logistic_pval is: 3
Number of covariates in screen_highcor_random is: 16
CV SL.mean_screen_all
CV SL.glm_screen_all
CV SL.glmnet_screen_all
CV SL.xgboost_screen_all
CV SL.ranger.imp_screen_all
CV SL.glm_screen_glmnet
CV SL.glm_screen_univariate_logistic_pval
CV SL.glm_screen_highcor_random
CV SL.glm.interaction_screen_glmnet
CV SL.glm.interaction_screen_univariate_logistic_pval
CV SL.glm.interaction_screen_highcor_random
CV SL.gam_screen_glmnet
CV SL.gam_screen_univariate_logistic_pval
CV SL.gam_screen_highcor_random
Number of covariates in screen_all is: 16
Number of covariates in screen_glmnet is: 8
Number of covariates in screen_univariate_logistic_pval is: 5
Number of covariates in screen_highcor_random is: 16
CV SL.mean_screen_all
CV SL.glm_screen_all
CV SL.glmnet_screen_all
CV SL.xgboost_screen_all
CV SL.ranger.imp_screen_all
CV SL.glm_screen_glmnet
CV SL.glm_screen_univariate_logistic_pval
CV SL.glm_screen_highcor_random
CV SL.glm.interaction_screen_glmnet
CV SL.glm.interaction_screen_univariate_logistic_pval
CV SL.glm.interaction_screen_highcor_random
CV SL.gam_screen_glmnet
CV SL.gam_screen_univariate_logistic_pval
CV SL.gam_screen_highcor_random
Number of covariates in screen_all is: 16
Number of covariates in screen_glmnet is: 7
Number of covariates in screen_univariate_logistic_pval is: 5
Number of covariates in screen_highcor_random is: 16
CV SL.mean_screen_all
CV SL.glm_screen_all
CV SL.glmnet_screen_all
CV SL.xgboost_screen_all
CV SL.ranger.imp_screen_all
CV SL.glm_screen_glmnet
CV SL.glm_screen_univariate_logistic_pval
CV SL.glm_screen_highcor_random
CV SL.glm.interaction_screen_glmnet
CV SL.glm.interaction_screen_univariate_logistic_pval
CV SL.glm.interaction_screen_highcor_random
CV SL.gam_screen_glmnet
CV SL.gam_screen_univariate_logistic_pval
CV SL.gam_screen_highcor_random
Number of covariates in screen_all is: 16
Number of covariates in screen_glmnet is: 13
Number of covariates in screen_univariate_logistic_pval is: 4
Number of covariates in screen_highcor_random is: 16
CV SL.mean_screen_all
CV SL.glm_screen_all
CV SL.glmnet_screen_all
CV SL.xgboost_screen_all
CV SL.ranger.imp_screen_all
CV SL.glm_screen_glmnet
CV SL.glm_screen_univariate_logistic_pval
CV SL.glm_screen_highcor_random
CV SL.glm.interaction_screen_glmnet
CV SL.glm.interaction_screen_univariate_logistic_pval
CV SL.glm.interaction_screen_highcor_random
CV SL.gam_screen_glmnet
CV SL.gam_screen_univariate_logistic_pval
CV SL.gam_screen_highcor_random
Number of covariates in screen_all is: 16
Number of covariates in screen_glmnet is: 5
Number of covariates in screen_univariate_logistic_pval is: 3
Number of covariates in screen_highcor_random is: 16
CV SL.mean_screen_all
CV SL.glm_screen_all
CV SL.glmnet_screen_all
CV SL.xgboost_screen_all
CV SL.ranger.imp_screen_all
CV SL.glm_screen_glmnet
CV SL.glm_screen_univariate_logistic_pval
CV SL.glm_screen_highcor_random
CV SL.glm.interaction_screen_glmnet
CV SL.glm.interaction_screen_univariate_logistic_pval
CV SL.glm.interaction_screen_highcor_random
CV SL.gam_screen_glmnet
CV SL.gam_screen_univariate_logistic_pval
CV SL.gam_screen_highcor_random
full SL.mean_screen_all
full SL.glm_screen_all
full SL.glmnet_screen_all
full SL.xgboost_screen_all
full SL.ranger.imp_screen_all
full SL.glm_screen_glmnet
full SL.glm_screen_univariate_logistic_pval
full SL.glm_screen_highcor_random
full SL.glm.interaction_screen_glmnet
full SL.glm.interaction_screen_univariate_logistic_pval
full SL.glm.interaction_screen_highcor_random
full SL.gam_screen_glmnet
full SL.gam_screen_univariate_logistic_pval
full SL.gam_screen_highcor_random
Number of covariates in screen_all is: 16
Number of covariates in screen_glmnet is: 2
Number of covariates in screen_univariate_logistic_pval is: 2
Number of covariates in screen_highcor_random is: 16
CV SL.mean_screen_all
CV SL.glm_screen_all
CV SL.glmnet_screen_all
CV SL.xgboost_screen_all
CV SL.ranger.imp_screen_all
CV SL.glm_screen_glmnet
CV SL.glm_screen_univariate_logistic_pval
CV SL.glm_screen_highcor_random
CV SL.glm.interaction_screen_glmnet
CV SL.glm.interaction_screen_univariate_logistic_pval
CV SL.glm.interaction_screen_highcor_random
CV SL.gam_screen_glmnet
CV SL.gam_screen_univariate_logistic_pval
CV SL.gam_screen_highcor_random
Number of covariates in screen_all is: 16
Number of covariates in screen_glmnet is: 6
Number of covariates in screen_univariate_logistic_pval is: 2
Number of covariates in screen_highcor_random is: 16
CV SL.mean_screen_all
CV SL.glm_screen_all
CV SL.glmnet_screen_all
CV SL.xgboost_screen_all
CV SL.ranger.imp_screen_all
CV SL.glm_screen_glmnet
CV SL.glm_screen_univariate_logistic_pval
CV SL.glm_screen_highcor_random
CV SL.glm.interaction_screen_glmnet
CV SL.glm.interaction_screen_univariate_logistic_pval
CV SL.glm.interaction_screen_highcor_random
CV SL.gam_screen_glmnet
CV SL.gam_screen_univariate_logistic_pval
CV SL.gam_screen_highcor_random
Number of covariates in screen_all is: 16
Number of covariates in screen_glmnet is: 8
Number of covariates in screen_univariate_logistic_pval is: 4
Number of covariates in screen_highcor_random is: 16
CV SL.mean_screen_all
CV SL.glm_screen_all
CV SL.glmnet_screen_all
CV SL.xgboost_screen_all
CV SL.ranger.imp_screen_all
CV SL.glm_screen_glmnet
CV SL.glm_screen_univariate_logistic_pval
CV SL.glm_screen_highcor_random
CV SL.glm.interaction_screen_glmnet
CV SL.glm.interaction_screen_univariate_logistic_pval
CV SL.glm.interaction_screen_highcor_random
CV SL.gam_screen_glmnet
CV SL.gam_screen_univariate_logistic_pval
CV SL.gam_screen_highcor_random
Number of covariates in screen_all is: 16
Number of covariates in screen_glmnet is: 3
Number of covariates in screen_univariate_logistic_pval is: 2
Number of covariates in screen_highcor_random is: 16
CV SL.mean_screen_all
CV SL.glm_screen_all
CV SL.glmnet_screen_all
CV SL.xgboost_screen_all
CV SL.ranger.imp_screen_all
CV SL.glm_screen_glmnet
CV SL.glm_screen_univariate_logistic_pval
CV SL.glm_screen_highcor_random
CV SL.glm.interaction_screen_glmnet
CV SL.glm.interaction_screen_univariate_logistic_pval
CV SL.glm.interaction_screen_highcor_random
CV SL.gam_screen_glmnet
CV SL.gam_screen_univariate_logistic_pval
CV SL.gam_screen_highcor_random
Number of covariates in screen_all is: 16
Number of covariates in screen_glmnet is: 10
Number of covariates in screen_univariate_logistic_pval is: 4
Number of covariates in screen_highcor_random is: 16
CV SL.mean_screen_all
CV SL.glm_screen_all
CV SL.glmnet_screen_all
CV SL.xgboost_screen_all
CV SL.ranger.imp_screen_all
CV SL.glm_screen_glmnet
CV SL.glm_screen_univariate_logistic_pval
CV SL.glm_screen_highcor_random
CV SL.glm.interaction_screen_glmnet
CV SL.glm.interaction_screen_univariate_logistic_pval
CV SL.glm.interaction_screen_highcor_random
CV SL.gam_screen_glmnet
CV SL.gam_screen_univariate_logistic_pval
CV SL.gam_screen_highcor_random
full SL.mean_screen_all
full SL.glm_screen_all
full SL.glmnet_screen_all
full SL.xgboost_screen_all
full SL.ranger.imp_screen_all
full SL.glm_screen_glmnet
full SL.glm_screen_univariate_logistic_pval
full SL.glm_screen_highcor_random
full SL.glm.interaction_screen_glmnet
full SL.glm.interaction_screen_univariate_logistic_pval
full SL.glm.interaction_screen_highcor_random
full SL.gam_screen_glmnet
full SL.gam_screen_univariate_logistic_pval
full SL.gam_screen_highcor_random
Number of covariates in screen_all is: 16
Number of covariates in screen_glmnet is: 4
Number of covariates in screen_univariate_logistic_pval is: 3
Number of covariates in screen_highcor_random is: 16
CV SL.mean_screen_all
CV SL.glm_screen_all
CV SL.glmnet_screen_all
CV SL.xgboost_screen_all
CV SL.ranger.imp_screen_all
CV SL.glm_screen_glmnet
CV SL.glm_screen_univariate_logistic_pval
CV SL.glm_screen_highcor_random
CV SL.glm.interaction_screen_glmnet
CV SL.glm.interaction_screen_univariate_logistic_pval
CV SL.glm.interaction_screen_highcor_random
CV SL.gam_screen_glmnet
CV SL.gam_screen_univariate_logistic_pval
CV SL.gam_screen_highcor_random
Number of covariates in screen_all is: 16
Number of covariates in screen_glmnet is: 2
Number of covariates in screen_univariate_logistic_pval is: 2
Number of covariates in screen_highcor_random is: 16
CV SL.mean_screen_all
CV SL.glm_screen_all
CV SL.glmnet_screen_all
CV SL.xgboost_screen_all
CV SL.ranger.imp_screen_all
CV SL.glm_screen_glmnet
CV SL.glm_screen_univariate_logistic_pval
CV SL.glm_screen_highcor_random
CV SL.glm.interaction_screen_glmnet
CV SL.glm.interaction_screen_univariate_logistic_pval
CV SL.glm.interaction_screen_highcor_random
CV SL.gam_screen_glmnet
CV SL.gam_screen_univariate_logistic_pval
CV SL.gam_screen_highcor_random
Number of covariates in screen_all is: 16
Number of covariates in screen_glmnet is: 2
Number of covariates in screen_univariate_logistic_pval is: 2
Number of covariates in screen_highcor_random is: 16
CV SL.mean_screen_all
CV SL.glm_screen_all
CV SL.glmnet_screen_all
CV SL.xgboost_screen_all
CV SL.ranger.imp_screen_all
CV SL.glm_screen_glmnet
CV SL.glm_screen_univariate_logistic_pval
CV SL.glm_screen_highcor_random
CV SL.glm.interaction_screen_glmnet
CV SL.glm.interaction_screen_univariate_logistic_pval
CV SL.glm.interaction_screen_highcor_random
CV SL.gam_screen_glmnet
CV SL.gam_screen_univariate_logistic_pval
CV SL.gam_screen_highcor_random
Number of covariates in screen_all is: 16
Number of covariates in screen_glmnet is: 5
Number of covariates in screen_univariate_logistic_pval is: 4
Number of covariates in screen_highcor_random is: 16
CV SL.mean_screen_all
CV SL.glm_screen_all
CV SL.glmnet_screen_all
CV SL.xgboost_screen_all
CV SL.ranger.imp_screen_all
CV SL.glm_screen_glmnet
CV SL.glm_screen_univariate_logistic_pval
CV SL.glm_screen_highcor_random
CV SL.glm.interaction_screen_glmnet
CV SL.glm.interaction_screen_univariate_logistic_pval
CV SL.glm.interaction_screen_highcor_random
CV SL.gam_screen_glmnet
CV SL.gam_screen_univariate_logistic_pval
CV SL.gam_screen_highcor_random
Number of covariates in screen_all is: 16
Number of covariates in screen_glmnet is: 10
Number of covariates in screen_univariate_logistic_pval is: 4
Number of covariates in screen_highcor_random is: 16
CV SL.mean_screen_all
CV SL.glm_screen_all
CV SL.glmnet_screen_all
CV SL.xgboost_screen_all
CV SL.ranger.imp_screen_all
CV SL.glm_screen_glmnet
CV SL.glm_screen_univariate_logistic_pval
CV SL.glm_screen_highcor_random
CV SL.glm.interaction_screen_glmnet
CV SL.glm.interaction_screen_univariate_logistic_pval
CV SL.glm.interaction_screen_highcor_random
CV SL.gam_screen_glmnet
CV SL.gam_screen_univariate_logistic_pval
CV SL.gam_screen_highcor_random
full SL.mean_screen_all
full SL.glm_screen_all
full SL.glmnet_screen_all
full SL.xgboost_screen_all
full SL.ranger.imp_screen_all
full SL.glm_screen_glmnet
full SL.glm_screen_univariate_logistic_pval
full SL.glm_screen_highcor_random
full SL.glm.interaction_screen_glmnet
full SL.glm.interaction_screen_univariate_logistic_pval
full SL.glm.interaction_screen_highcor_random
full SL.gam_screen_glmnet
full SL.gam_screen_univariate_logistic_pval
full SL.gam_screen_highcor_random
There were 50 or more warnings (use warnings() to see the first 50)
